[15:06:45] [Render thread/INFO] [JMLogger] JourneyMap log initialized.
[15:06:45] [Render thread/INFO] [JourneymapClient] initialize ENTER
[15:06:45] [Render thread/INFO] [ClientAPI] [ClientAPI] built with JourneyMap API 2.0.0-SNAPSHOT
[15:06:45] [Render thread/INFO] [PluginHelper] Initializing plugins with Client API: journeymap.api.client.impl.ClientAPI
[15:06:45] [Render thread/INFO] [PluginHelper] Initialized IClientPlugin: journeymap.api.plugins.LoadedChunkOverlayPlugin
[15:06:45] [Render thread/INFO] [PropertiesBase] core (FileLoaded) Config file isn't current, has version "6.0.0-beta.27": journeymap.core.config
[15:06:45] [Render thread/INFO] [PropertiesBase] core (Invalid) Setting config file to version "6.0.0-beta.54": journeymap.core.config
[15:06:45] [Render thread/INFO] [PropertiesBase] fullmap (FileLoaded) Config file isn't current, has version "6.0.0-beta.27": journeymap.fullmap.config
[15:06:45] [Render thread/INFO] [PropertiesBase] fullmap (Invalid) Setting config file to version "6.0.0-beta.54": journeymap.fullmap.config
[15:06:45] [Render thread/WARN] [PropertiesBase] minimap (Initialized) Bad configField entry during updateFrom(): hideEffectIcons=null
[15:06:45] [Render thread/INFO] [PropertiesBase] minimap (Initialized) Setting config file to version "6.0.0-beta.54": journeymap.minimap.config
[15:06:45] [Render thread/WARN] [PropertiesBase] minimap2 (Initialized) Bad configField entry during updateFrom(): hideEffectIcons=null
[15:06:45] [Render thread/INFO] [PropertiesBase] minimap2 (FileLoaded) Config file isn't current, has version "6.0.0-beta.27": journeymap.minimap2.config
[15:06:45] [Render thread/INFO] [PropertiesBase] minimap2 (Invalid) Setting config file to version "6.0.0-beta.54": journeymap.minimap2.config
[15:06:45] [Render thread/INFO] [PropertiesBase] topo (FileLoaded) Config file isn't current, has version "6.0.0-beta.27": journeymap.topo.config
[15:06:45] [Render thread/INFO] [PropertiesBase] topo (Invalid) Setting config file to version "6.0.0-beta.54": journeymap.topo.config
[15:06:45] [Render thread/INFO] [PropertiesBase] webmap (FileLoaded) Config file isn't current, has version "6.0.0-beta.27": journeymap.webmap.config
[15:06:45] [Render thread/INFO] [PropertiesBase] webmap (Invalid) Setting config file to version "6.0.0-beta.54": journeymap.webmap.config
[15:06:45] [Render thread/INFO] [PropertiesBase] waypoint (FileLoaded) Config file isn't current, has version "6.0.0-beta.27": journeymap.waypoint.config
[15:06:45] [Render thread/INFO] [PropertiesBase] waypoint (Invalid) Setting config file to version "6.0.0-beta.54": journeymap.waypoint.config
[15:06:45] [Render thread/INFO] [PropertiesBase] rendering (FileLoaded) Config file isn't current, has version "6.0.0-beta.27": journeymap.rendering.config
[15:06:45] [Render thread/INFO] [PropertiesBase] rendering (Invalid) Setting config file to version "6.0.0-beta.54": journeymap.rendering.config
[15:06:45] [Render thread/INFO] [?] Version: JourneyMap 1.21.10-6.0.0-beta.54, built with fabric 0.134.1+1.21.10
fabric: 0.17.2
Environment: os.name, os.arch, java.version, user.country, user.language=null, game language=en_us, locale=en_us
SP: : New World : 
MP: : offline : 
Features: 
	RadarPlayers : singleplayer = true , multiplayer = true
	RadarAnimals : singleplayer = true , multiplayer = true
	RadarMobs : singleplayer = true , multiplayer = true
	RadarVillagers : singleplayer = true , multiplayer = true
	MapTopo : singleplayer = true , multiplayer = true
	MapSurface : singleplayer = true , multiplayer = true
	MapCaves : singleplayer = true , multiplayer = true
	MapBiome : singleplayer = true , multiplayer = true
MiniMapProperties{state=Valid, file=journeymap.minimap.config, configVersion=6.0.0-beta.54, infoSlotTimeFormat=HH:mm:ss, zoomLevel=1024, compassFontScale=0.78, infoSlotFontScale=2.14, terrainAlpha=100, showEntityNames=false, showPassiveNames=false, positionX=0.9, positionY=0.25, effectVertical=false, showPlayerHeading=true, sizePercent=22, playerDisplayScale=1.0, showDayNight=true, showPets=true, showPlayerNames=true, preferredMapType=day, showCompass=true, showNpcNames=false, mobDisplay=jm.common.entity_display.dots_and_outlined_icons, showHostileNames=false, systemTimeRealFormat=HH:mm:ss, shape=jm.minimap.shape_circle, showSelf=true, showVillagerNames=false, selfDisplayScale=1.0, showGrid=true, reticleOrientation=jm.minimap.orientation.compass, minimapLockedMapType=jm.common.map_type.auto, effectTranslateX=0, info3LabelPosition=jm.minimap.info_slot.bottom, showWaypoints=true, info2LabelPosition=jm.minimap.info_slot.top, minimapKeyMovementSpeed=0.001, info1LabelPosition=jm.minimap.info_slot.top, showAnimals=true, infoSlotAlpha=0.7, effectTranslateY=0, showWaypointLabels=true, showAmbientNames=false, moveEffectIcons=true, showTeamNames=true, position=jm.minimap.position_topright, fontScale=0.67, info4LabelPosition=jm.minimap.info_slot.bottom, showPlayers=true, waypointIconScale=1.0, frameAlpha=100, effectReversed=false, backgroundAlpha=0.8, enabled=true, showVillagers=true, info2Label=jm.theme.labelsource.biome, info3Label=jm.theme.labelsource.location, caveLayer=4, showMobs=true, waypointLabelScale=0.83, showReticle=true, orientation=jm.minimap.orientation.north, info4Label=jm.theme.labelsource.region, locationFormat=xyz, playerDisplay=jm.common.entity_display.outlined_icons, mobDisplayScale=1.0, showOffScreenPlayers=true, showCaves=true, hideEffectIcons=false, showMobHeading=true, locationFormatVerbose=true, showAmbientCreatures=false, showPetNames=false, info1Label=jm.theme.labelsource.fps, showNoIconNames=true}
MiniMapProperties{state=SavedOk, file=journeymap.minimap2.config, configVersion=6.0.0-beta.54, infoSlotTimeFormat=HH:mm:ss, zoomLevel=256, compassFontScale=1.0, infoSlotFontScale=2.39, terrainAlpha=100, showEntityNames=false, showPassiveNames=false, positionX=0.9, positionY=0.25, effectVertical=false, showPlayerHeading=true, sizePercent=87, playerDisplayScale=1.0, showDayNight=true, showPets=true, showPlayerNames=true, preferredMapType=day, showCompass=true, showNpcNames=false, mobDisplay=jm.common.entity_display.dots_and_outlined_icons, showHostileNames=false, systemTimeRealFormat=HH:mm:ss, shape=jm.minimap.shape_square, showSelf=true, showVillagerNames=false, selfDisplayScale=1.0, showGrid=true, reticleOrientation=jm.minimap.orientation.compass, minimapLockedMapType=jm.common.map_type.auto, effectTranslateX=0, info3LabelPosition=jm.minimap.info_slot.bottom, showWaypoints=true, info2LabelPosition=jm.minimap.info_slot.top, minimapKeyMovementSpeed=0.001, info1LabelPosition=jm.minimap.info_slot.top, showAnimals=true, infoSlotAlpha=0.7, effectTranslateY=0, showWaypointLabels=true, showAmbientNames=false, moveEffectIcons=true, showTeamNames=true, position=jm.minimap.position_topright, fontScale=1.0, info4LabelPosition=jm.minimap.info_slot.bottom, showPlayers=true, waypointIconScale=1.0, frameAlpha=100, effectReversed=false, backgroundAlpha=0.8, enabled=true, showVillagers=true, info2Label=jm.theme.labelsource.realtime, info3Label=jm.theme.labelsource.location, caveLayer=4, showMobs=true, waypointLabelScale=1.0, showReticle=true, orientation=jm.minimap.orientation.north, info4Label=jm.theme.labelsource.region, locationFormat=xyz, playerDisplay=jm.common.entity_display.outlined_icons, mobDisplayScale=1.0, showOffScreenPlayers=true, showCaves=true, hideEffectIcons=false, showMobHeading=true, locationFormatVerbose=true, showAmbientCreatures=false, showPetNames=false, info1Label=jm.theme.labelsource.fps, showNoIconNames=true}
FullMapProperties{state=SavedOk, file=journeymap.fullmap.config, configVersion=6.0.0-beta.54, zoomLevel=1024, minimalMode=false, showPlayers=true, waypointIconScale=1.0, showEntityNames=false, showPassiveNames=false, showPlayerHeading=true, showVillagers=true, showPlayerLoc=true, showKeys=true, playerDisplayScale=1.0, showMobs=true, showPets=true, waypointLabelScale=1.0, showPlayerNames=true, preferredMapType=day, showNpcNames=false, mobDisplay=jm.common.entity_display.dots_and_outlined_icons, showHostileNames=false, showSelf=true, locationFormat=xyz, playerDisplay=jm.common.entity_display.outlined_icons, showVillagerNames=false, mobDisplayScale=1.0, selfDisplayScale=1.0, showOffScreenPlayers=true, showGrid=true, showMouseLoc=true, showWaypoints=true, showCaves=true, showThemeButton=true, showAnimals=true, showMobHeading=true, showWaypointLabels=true, locationFormatVerbose=true, showAmbientNames=false, showAmbientCreatures=false, showTeamNames=true, showPetNames=false, fontScale=2.02, showNoIconNames=true}
WaypointProperties{state=SavedOk, file=journeymap.waypoint.config, configVersion=6.0.0-beta.54, autoRemoveDeathpointDistance=2, showPlayers=false, dateFormat=MM-dd-yyyy, autoHideIconAngle=5, autoRemoveDeathpoints=true, autoHideIcon=false, autoHideLabelAngle=5, displayOnLocatorBar=false, renderWaypointsWorld=true, showDeleteConfirmation=true, managerDimensionFocus=false, fullscreenDoubleClickToCreate=true, minDistance=4, coordinatesFormat=XZY, boldLabel=false, disableShare=false, showDeathpointlabel=true, textureSmall=true, useActionsButton=false, beaconEnabled=true, createDeathpoints=true, disableStrikeThrough=false, renderWaypointsMap=true, showName=true, maxDistance=0, ignoreRenderDistance=false, autoHideLabel=true, autoRemoveTempWaypoints=2, teleportCommand=/tp {name} {x} {y} {z}, showStaticBeam=true, renderWaypoints=true, wholeNumberTeleportCoords=false, timeFormat=HH:mm:ss, shaderBeacon=false, showDistance=true, showRotatingBeam=true, fontScale=2.0, managerEnabled=true}
WebMapProperties{state=SavedOk, file=journeymap.webmap.config, configVersion=6.0.0-beta.54, port=8080, enabled=false}
CoreProperties{state=SavedOk, file=journeymap.core.config, configVersion=6.0.0-beta.54, maxPlayersData=32, mapSurfaceAboveCaves=true, dataCachingEnabled=true, maxAmbientCreaturesData=32, optionsManagerViewed=6.0.0-beta.27, announceMod=false, ignoreSnow=false, colorPassive=#bbbbbb, colorPassiveLabel=#bbbbbb, mapShadows=true, mapBlendWater=true, playerIconFade=true, renderDistanceSurfaceMax=0, seedId=true, colorPetLabel=#0077ff, radarVerticalDistance=16, mapBlendGrass=true, recordCacheStats=false, hideSneakingEntities=true, initialSortOrder=Name, colorPlayerLabel=#ffffff, revealShape=jm.minimap.shape_circle, mapBiome=true, caveShader=jm.common.map_filter.default, mipmapLevels=5, colorVillagerLabel=#88e188, alwaysMapSurface=true, biomeShader=jm.common.map_filter.default, colorVillager=#88e188, mapPlants=false, colorPet=#0077ff, sortDescending=true, radarLateralDistance=64, mapBathymetry=true, mapCrops=true, maxMobsData=32, dayShader=jm.common.map_filter.default, mapPlantShadows=false, alwaysMapCaves=true, checkUpdates=true, colorHostileLabel=#ff0000, mapBlendFoliage=true, topoMax=0, hideSpectators=false, mappingEnabled=true, colorPlayer=#ffffff, cacheVillagersData=2200, logLevel=INFO, maxVillagersData=32, mapWaterBiomeColors=true, maxAnimalsData=32, mapTransparency=true, caveBlackAsClear=false, caveModeThreshold=2, legacyIcons=false, netherShader=jm.common.map_filter.default, caveIgnoreGlass=true, mapTopography=true, renderDistanceCaveMax=0, mapAntialiasing=true, colorSelf=#0000ff, cachePlayersData=2000, mapOnlyPlayerChunk=false, nightShader=jm.common.map_filter.default, cacheMobsData=3000, cachePlayerData=1000, splashViewed=6.0.0-beta.27, colorHostile=#ff0000, topoShader=jm.common.map_filter.default, allowMiniMapBehindScreens=true, cacheAnimalsData=3100, ignoreHeightmaps=false, themeName=OceanMonument, mapCaveLighting=true, renderDelay=0, mobIconFade=true, serverIp=false, glErrorChecking=false, autoMapPoll=500}
[15:06:45] [Render thread/INFO] [JourneymapClient] initialize EXIT, elapsed count 1 avg 481.74ms
[15:06:46] [Render thread/INFO] [ThemeLoader] Preloaded theme textures: 73
[15:06:46] [Render thread/INFO] [JourneymapClient] postInitialize EXIT, elapsed count 1 avg 990.14ms
[15:06:47] [Render thread/INFO] [ColorPalette] Color palette file generated for 0 blockstates in 0ms for: Default Palette
[15:07:53] [Render thread/INFO] [WaypointHandler] Resetting Waypoints and Groups.
[15:07:53] [Render thread/INFO] [WaypointStore] Loaded 1 waypoints from disk.
[15:07:53] [Render thread/INFO] [WaypointGroupStore] Loaded 4 waypoint groups from disk.
[15:07:53] [Render thread/INFO] [LegacyWaypointFileMigrator] 0 Legacy waypoints found that need to be migrated and backed up.
[15:07:53] [Render thread/INFO] [ColorPalette] Color palette file generated for 0 blockstates in 1ms for: C:\Users\Aqua\AppData\Roaming\PrismLauncher\instances\Echo_Siege_Dev_Pack\.minecraft\journeymap\colorpalette.json
[15:07:53] [Render thread/INFO] [ColorPalette] Color palette file generated for 0 blockstates in 1ms for: C:\Users\Aqua\AppData\Roaming\PrismLauncher\instances\Echo_Siege_Dev_Pack\.minecraft\journeymap\data\sp\New World\colorpalette.json
[15:07:53] [Render thread/INFO] [JourneymapClient] Mapping started in C:\Users\Aqua\AppData\Roaming\PrismLauncher\instances\Echo_Siege_Dev_Pack\.minecraft\journeymap\data\sp\New World\overworld. Memory: 2096MB total, 818MB free 
[15:07:54] [Render thread/INFO] [InternalStateHandler] Connection initiated with Journeymap Server: true
[15:07:54] [Render thread/INFO] [InternalStateHandler] Teleport Enabled: true
[15:07:54] [Render thread/INFO] [InternalStateHandler] Expanded Radar Enabled: true
[15:07:54] [Render thread/INFO] [InternalStateHandler] Server Admin Enabled: true
[15:07:54] [Render thread/INFO] [InternalStateHandler] Server set show in-game beacons: true
[15:07:54] [Render thread/INFO] [InternalStateHandler] Server set waypoints allowed: true
[15:07:54] [Render thread/INFO] [InternalStateHandler] Server set Server Admin read only mode: true
[15:07:54] [Render thread/INFO] [InternalStateHandler] Server set maxSurfaceRenderDistance to: 0
[15:07:54] [Render thread/INFO] [InternalStateHandler] Server setmaxCaveRenderDistance to: 0
[15:07:54] [Render thread/INFO] [InternalStateHandler] Server set allow mutliplayer options: true
[15:07:54] [Render thread/INFO] [InternalStateHandler] Server set allow rightClickTeleport options: true
[15:07:54] [Render thread/INFO] [InternalStateHandler] Server set allow radarLateralDistance options: 512
[15:07:54] [Render thread/INFO] [InternalStateHandler] Server set allow radarVerticalDistance options: 320
[15:07:54] [Render thread/INFO] [InternalStateHandler] Server set allow maxAnimalsData options: 128
[15:07:54] [Render thread/INFO] [InternalStateHandler] Server set allow maxAmbientCreaturesData options: 128
[15:07:54] [Render thread/INFO] [InternalStateHandler] Server set allow maxMobsData options: 128
[15:07:54] [Render thread/INFO] [InternalStateHandler] Server set allow maxPlayersData options: 128
[15:07:54] [Render thread/INFO] [InternalStateHandler] Server set allow maxVillagersData options: 128
[15:07:54] [Render thread/INFO] [InternalStateHandler] Server set allow playerRadarNamesEnabled options: true
[15:07:54] [Render thread/INFO] [InternalStateHandler] Server set allow minimapEnabled options: true
[15:07:54] [Render thread/INFO] [InternalStateHandler] Server set allow hideCoordinates options: false
[15:07:58] [Render thread/WARN] [JMLogger] Image is null: journeymap:skin_mysticdrew
[15:07:58] [Render thread/WARN] [JMLogger] Image is null: journeymap:skin/default
[15:07:58] [Render thread/WARN] [JMLogger] Image is null: journeymap:skin_techbrew
[15:07:58] [Render thread/WARN] [JMLogger] Image is null: journeymap:skin_gdude2002
[15:07:58] [Render thread/WARN] [JMLogger] Image is null: journeymap:skin_memesapiens
[15:07:58] [Render thread/WARN] [JMLogger] Image is null: journeymap:skin_sandriell
[15:07:58] [Render thread/WARN] [JMLogger] Image is null: journeymap:skin_zxhir
[15:12:09] [Netty Local Client IO #0/INFO] [WaypointHandler] Resetting Waypoints and Groups.
[15:12:09] [Netty Local Client IO #0/ERROR] [ClientWaypointDAO] Can't backup file C:\Users\Aqua\AppData\Roaming\PrismLauncher\instances\Echo_Siege_Dev_Pack\.minecraft\journeymap\data\mp\offline\waypoints\WaypointData.dat: java.io.FileNotFoundException: C:\Users\Aqua\AppData\Roaming\PrismLauncher\instances\Echo_Siege_Dev_Pack\.minecraft\journeymap\data\mp\offline\waypoints\WaypointData.dat (The system cannot find the file specified)
[15:12:09] [Netty Local Client IO #0/INFO] [WaypointStore] Loaded 1 waypoints from disk.
[15:12:09] [Netty Local Client IO #0/INFO] [WaypointGroupStore] Loaded 4 waypoint groups from disk.
[15:12:12] [Render thread/INFO] [JourneymapClient] Mapping halted in C:\Users\Aqua\AppData\Roaming\PrismLauncher\instances\Echo_Siege_Dev_Pack\.minecraft\journeymap\data\mp\offline\minecraft:overworld
[15:12:12] [JM-task-2/WARN] [TaskBatch] TaskBatch thread interrupted: journeymap.client.task.multi.MapPlayerTask$MapPlayerTaskBatch@7f6254cf
[15:12:13] [Render thread/INFO] [TextureCache] [JourneyMap]: Purging Theme Images
[15:12:13] [Render thread/INFO] [TextureCache] [JourneyMap]: Purging Region Images
[15:12:15] [Render thread/INFO] [TextureCache] [JourneyMap]: Purging Mob Icon Images
